#
# A fatal error has been detected by the Java Runtime Environment:
#
#  EXCEPTION_ACCESS_VIOLATION (0xc0000005) at pc=0x00007ffc07b894ab, pid=2200, tid=13640
#
# JRE version: Java(TM) SE Runtime Environment (13.0.2+8) (build 13.0.2+8)
# Java VM: Java HotSpot(TM) 64-Bit Server VM (13.0.2+8, mixed mode, sharing, tiered, compressed oops, parallel gc, windows-amd64)
# Problematic frame:
# V  [jvm.dll+0x6694ab]
#
# No core dump will be written. Minidumps are not enabled by default on client versions of Windows
#
# If you would like to submit a bug report, please visit:
#   http://bugreport.java.com/bugreport/crash.jsp
#

---------------  S U M M A R Y ------------

Command Line: --add-modules=ALL-SYSTEM --add-opens=java.base/java.util=ALL-UNNAMED --add-opens=java.base/java.lang=ALL-UNNAMED -Declipse.application=org.eclipse.jdt.ls.core.id1 -Dosgi.bundles.defaultStartLevel=4 -Declipse.product=org.eclipse.jdt.ls.core.product -Dfile.encoding=utf8 -DwatchParentProcess=false -XX:+UseParallelGC -XX:GCTimeRatio=4 -XX:AdaptiveSizePolicyWeight=90 -Dsun.zip.disableMemoryMapping=true -Xmx1G -Xms100m c:\Users\Jason\.vscode\extensions\redhat.java-0.58.0\server\plugins\org.eclipse.equinox.launcher_1.5.700.v20200207-2156.jar -configuration c:\Users\Jason\AppData\Roaming\Code\User\globalStorage\redhat.java\0.58.0\config_win -data c:\Users\Jason\AppData\Roaming\Code\User\workspaceStorage\c7ef565154236840a693a41779c40828\redhat.java\jdt_ws

Host: AMD FX(tm)-8350 Eight-Core Processor           , 8 cores, 7G,  Windows 10 , 64 bit Build 17763 (10.0.17763.475)
Time: Mon Mar 23 01:15:18 2020 Eastern Daylight Time elapsed time: 67540 seconds (0d 18h 45m 40s)

---------------  T H R E A D  ---------------

Current thread (0x000001a747ff5800):  GCTaskThread "ParGC Thread#5" [stack: 0x0000008b9c500000,0x0000008b9c600000] [id=13640]

Stack: [0x0000008b9c500000,0x0000008b9c600000],  sp=0x0000008b9c5ff890,  free space=1022k
Native frames: (J=compiled Java code, j=interpreted, Vv=VM code, C=native code)
V  [jvm.dll+0x6694ab]
V  [jvm.dll+0x6653e8]
V  [jvm.dll+0x62e25b]
V  [jvm.dll+0x665ca4]
V  [jvm.dll+0x649cf6]
V  [jvm.dll+0x32179a]
V  [jvm.dll+0x72fcaa]
V  [jvm.dll+0x623ea6]
C  [ucrtbase.dll+0x21ffa]
C  [KERNEL32.DLL+0x17974]
C  [ntdll.dll+0x6a261]


siginfo: EXCEPTION_ACCESS_VIOLATION (0xc0000005), reading address 0x00007ffe216e6150


Register to memory mapping:

RIP=0x00007ffc07b894ab jvm.dll
RAX=0x00000000432f6d61 is an unknown value
RBX=0x0000008b9c5ff990 points into unknown readable memory: 38 b3 de 07 fc 7f 00 00
RCX=0x0000008b9c5ff8b0 points into unknown readable memory: 68 b3 de 07 fc 7f 00 00
RDX=
[error occurred during error reporting (printing register info), id 0xc0000005, EXCEPTION_ACCESS_VIOLATION (0xc0000005) at pc=0x00007ffc07b55fb2]

Registers:
RAX=0x00000000432f6d61, RBX=0x0000008b9c5ff990, RCX=0x0000008b9c5ff8b0, RDX=0x00000000c70b8c00
RSP=0x0000008b9c5ff890, RBP=0x00000000011e0000, RSI=0x00000000011d8ee0, RDI=0x0000000000000005
R8 =0x00000008004f2188, R9 =0x00007ffc07f2f648, R10=0x0000000800000000, R11=0x000001a7449fdb20
R12=0x000000000000011d, R13=0x0000000000000000, R14=0x00007ffc07fb4110, R15=0x0000008b9c5ff990
RIP=0x00007ffc07b894ab, EFLAGS=0x0000000000010206

Top of Stack: (sp=0x0000008b9c5ff890)
0x0000008b9c5ff890:   0000008b9c5ff990 00000000011e0000
0x0000008b9c5ff8a0:   00000000011d8edb 00007ffc07b850fe
0x0000008b9c5ff8b0:   00007ffc07deb368 0000000000000000
0x0000008b9c5ff8c0:   000001a7449fdb20 000001a7449fdb20
0x0000008b9c5ff8d0:   00000000c932ded0 00007ffc07b853e8
0x0000008b9c5ff8e0:   00000000c9200000 00007ffc07b85ea2
0x0000008b9c5ff8f0:   000001a7289023f0 00000000c917fff8
0x0000008b9c5ff900:   00000000011e0000 00007ffc07b4e25b
0x0000008b9c5ff910:   00000000011d8edc 00000000c81680a0
0x0000008b9c5ff920:   00007ffc07deb338 00007ffc07b8604a
0x0000008b9c5ff930:   00000000c932ded0 000001a7449fdb20
0x0000008b9c5ff940:   0000000000000000 000000000000011d
0x0000008b9c5ff950:   00007ffc07fb4110 00007ffc07b85ca4
0x0000008b9c5ff960:   00000000c8e80000 0000008b9c5ff9d8
0x0000008b9c5ff970:   00000000c8f00000 000001a746ee9f10
0x0000008b9c5ff980:   000000000000011d 00000000c8e8d968 

Instructions: (pc=0x00007ffc07b894ab)
0x00007ffc07b893ab:   09 48 8b c1 48 c1 e0 09 4c 2b c0 4c 03 c2 49 c1
0x00007ffc07b893bb:   e8 03 44 88 01 48 8b 4c 24 70 e8 66 00 00 00 48
0x00007ffc07b893cb:   8b 0d 97 ad 42 00 48 8d 04 b6 48 8d 14 c1 48 8d
0x00007ffc07b893db:   04 bf 48 8d 04 c1 48 3b c2 73 25 66 66 0f 1f 84
0x00007ffc07b893eb:   00 00 00 00 00 8b 48 1c 81 e1 ff ff ff 07 81 c9
0x00007ffc07b893fb:   00 00 00 60 89 48 1c 48 83 c0 28 48 3b c2 72 e5
0x00007ffc07b8940b:   4c 8d 9c 24 a0 00 00 00 49 8b 5b 30 49 8b 6b 38
0x00007ffc07b8941b:   49 8b 73 40 49 8b e3 41 5f 41 5e 41 5d 41 5c 5f
0x00007ffc07b8942b:   c3 cc cc cc cc 48 83 ec 48 44 0f b6 0d 85 0e 41
0x00007ffc07b8943b:   00 4c 8b d9 8b 0d 9b b5 38 00 4c 8b 15 8c b5 38
0x00007ffc07b8944b:   00 45 84 c9 74 0f 44 8b 42 08 41 8b c0 48 d3 e0
0x00007ffc07b8945b:   49 03 c2 eb 07 48 8b 42 08 44 8b c0 81 78 08 00
0x00007ffc07b8946b:   00 00 c0 73 3f 48 c7 44 24 28 00 00 00 00 48 8d
0x00007ffc07b8947b:   05 e8 1e 26 00 48 89 44 24 20 4c 89 5c 24 30 45
0x00007ffc07b8948b:   84 c9 74 08 49 d3 e0 4d 03 c2 eb 04 4c 8b 42 08
0x00007ffc07b8949b:   49 63 40 0c 4c 8d 0d a2 61 3a 00 48 8d 4c 24 20
0x00007ffc07b894ab:   41 ff 14 c1 48 83 c4 48 c3 cc cc cc cc cc cc cc
0x00007ffc07b894bb:   cc cc cc cc cc 83 79 20 02 4c 8b c1 0f 84 c2 00
0x00007ffc07b894cb:   00 00 48 8b 05 2c ad 42 00 48 8b 51 18 4c 8b 49
0x00007ffc07b894db:   08 48 c7 44 24 08 01 00 00 00 4c 8d 14 c2 48 8b
0x00007ffc07b894eb:   44 24 08 49 89 01 80 3d c9 0d 41 00 00 48 8b 05
0x00007ffc07b894fb:   a1 3e 45 00 74 16 48 2b 05 d0 b4 38 00 8b 0d d2
0x00007ffc07b8950b:   b4 38 00 48 d3 e8 41 89 41 08 eb 04 49 89 41 08
0x00007ffc07b8951b:   0f b6 15 9f 0d 41 00 0f b6 c2 f6 d8 b8 0c 00 00
0x00007ffc07b8952b:   00 48 1b c9 4d 2b 50 08 48 83 c1 03 49 c1 ea 03
0x00007ffc07b8953b:   4c 2b d1 b9 10 00 00 00 84 d2 0f 45 c8 43 8d 04
0x00007ffc07b8954b:   12 42 89 04 09 33 c0 49 89 40 10 49 8b c9 49 89
0x00007ffc07b8955b:   40 18 49 89 40 08 49 8b 40 28 41 c7 40 20 01 00
0x00007ffc07b8956b:   00 00 48 c1 e9 09 48 8b 50 70 48 03 ca 48 c1 e2
0x00007ffc07b8957b:   09 48 8b c1 48 c1 e0 09 48 2b d0 49 03 d1 48 c1
0x00007ffc07b8958b:   ea 03 88 11 c3 83 79 20 02 4c 8b c1 0f 84 99 00
0x00007ffc07b8959b:   00 00 48 8b 05 5c ac 42 00 48 8b 51 18 4c 8b 49 


Stack slot to memory mapping:
stack at sp + 0 slots: 0x0000008b9c5ff990 points into unknown readable memory: 38 b3 de 07 fc 7f 00 00
stack at sp + 1 slots: 0x00000000011e0000 is an unknown value
stack at sp + 2 slots: 0x00000000011d8edb is an unknown value
stack at sp + 3 slots: 0x00007ffc07b850fe jvm.dll
stack at sp + 4 slots: 0x00007ffc07deb368 jvm.dll
stack at sp + 5 slots: 0x0 is NULL
stack at sp + 6 slots: 0x000001a7449fdb20 points into unknown readable memory: 0d 0c 01 00 a7 01 00 00
stack at sp + 7 slots: 0x000001a7449fdb20 points into unknown readable memory: 0d 0c 01 00 a7 01 00 00


---------------  P R O C E S S  ---------------

Threads class SMR info:
_java_thread_list=0x000001a746b6f1d0, length=38, elements={
0x000001a72a97d000, 0x000001a72aa38000, 0x000001a72aa3b000, 0x000001a744a6b800,
0x000001a744a6d800, 0x000001a744a6f800, 0x000001a744a7d800, 0x000001a745c13800,
0x000001a745cc1000, 0x000001a745e2c000, 0x000001a745ed9000, 0x000001a74718d800,
0x000001a74718e800, 0x000001a747598000, 0x000001a7477a4000, 0x000001a747724000,
0x000001a74a8ad800, 0x000001a74a8b0000, 0x000001a74a8af000, 0x000001a74ca11000,
0x000001a74ca14800, 0x000001a74ca0e800, 0x000001a74ca1a000, 0x000001a74ca1b000,
0x000001a74ca17800, 0x000001a74a8b1800, 0x000001a74af5f800, 0x000001a74af68800,
0x000001a74af63800, 0x000001a74af62000, 0x000001a74af5e800, 0x000001a74af6b000,
0x000001a74af62800, 0x000001a74af6a000, 0x000001a74af64000, 0x000001a74af65000,
0x000001a74af6b800, 0x000001a74ca0d000
}

Java Threads: ( => current thread )
  0x000001a72a97d000 JavaThread "main" [_thread_blocked, id=12684, stack(0x0000008b9ac00000,0x0000008b9ad00000)]
  0x000001a72aa38000 JavaThread "Reference Handler" daemon [_thread_blocked, id=10400, stack(0x0000008b9af00000,0x0000008b9b000000)]
  0x000001a72aa3b000 JavaThread "Finalizer" daemon [_thread_blocked, id=13544, stack(0x0000008b9b000000,0x0000008b9b100000)]
  0x000001a744a6b800 JavaThread "Signal Dispatcher" daemon [_thread_blocked, id=9672, stack(0x0000008b9b100000,0x0000008b9b200000)]
  0x000001a744a6d800 JavaThread "Attach Listener" daemon [_thread_blocked, id=9084, stack(0x0000008b9b200000,0x0000008b9b300000)]
  0x000001a744a6f800 JavaThread "C2 CompilerThread0" daemon [_thread_blocked, id=8668, stack(0x0000008b9b300000,0x0000008b9b400000)]
  0x000001a744a7d800 JavaThread "C1 CompilerThread0" daemon [_thread_blocked, id=3068, stack(0x0000008b9b400000,0x0000008b9b500000)]
  0x000001a745c13800 JavaThread "Sweeper thread" daemon [_thread_blocked, id=13632, stack(0x0000008b9b500000,0x0000008b9b600000)]
  0x000001a745cc1000 JavaThread "Common-Cleaner" daemon [_thread_blocked, id=10528, stack(0x0000008b9b600000,0x0000008b9b700000)]
  0x000001a745e2c000 JavaThread "Service Thread" daemon [_thread_blocked, id=13980, stack(0x0000008b9b800000,0x0000008b9b900000)]
  0x000001a745ed9000 JavaThread "Active Thread: Equinox Container: 8a1bfdf0-c2dd-4543-88b3-a812bd1e4a9d" [_thread_blocked, id=13736, stack(0x0000008b9ba00000,0x0000008b9bb00000)]
  0x000001a74718d800 JavaThread "Framework Event Dispatcher: Equinox Container: 8a1bfdf0-c2dd-4543-88b3-a812bd1e4a9d" daemon [_thread_blocked, id=15692, stack(0x0000008b9bb00000,0x0000008b9bc00000)]
  0x000001a74718e800 JavaThread "Start Level: Equinox Container: 8a1bfdf0-c2dd-4543-88b3-a812bd1e4a9d" daemon [_thread_blocked, id=14172, stack(0x0000008b9bc00000,0x0000008b9bd00000)]
  0x000001a747598000 JavaThread "Bundle File Closer" daemon [_thread_blocked, id=10376, stack(0x0000008b9c000000,0x0000008b9c100000)]
  0x000001a7477a4000 JavaThread "Worker-JM" [_thread_blocked, id=13396, stack(0x0000008b9c100000,0x0000008b9c200000)]
  0x000001a747724000 JavaThread "Java indexing" daemon [_thread_blocked, id=7200, stack(0x0000008b9c200000,0x0000008b9c300000)]
  0x000001a74a8ad800 JavaThread "pool-1-thread-1" [_thread_in_native, id=13240, stack(0x0000008b9cb00000,0x0000008b9cc00000)]
  0x000001a74a8b0000 JavaThread "Java Debug Server" daemon [_thread_in_native, id=7496, stack(0x0000008b9dd00000,0x0000008b9de00000)]
  0x000001a74a8af000 JavaThread "RxSchedulerPurge-1" daemon [_thread_blocked, id=15368, stack(0x0000008b9dc00000,0x0000008b9dd00000)]
  0x000001a74ca11000 JavaThread "RxCachedWorkerPoolEvictor-1" daemon [_thread_blocked, id=15700, stack(0x0000008b9df00000,0x0000008b9e000000)]
  0x000001a74ca14800 JavaThread "pool-8-thread-6" [_thread_in_native, id=2636, stack(0x0000008b9ab00000,0x0000008b9ac00000)]
  0x000001a74ca0e800 JavaThread "RxNewThreadScheduler-15" daemon [_thread_blocked, id=1244, stack(0x0000008b9c800000,0x0000008b9c900000)]
  0x000001a74ca1a000 JavaThread "Packet Receive Manager" daemon [_thread_in_native, id=712, stack(0x0000008b9c900000,0x0000008b9ca00000)]
  0x000001a74ca1b000 JavaThread "Packet Send Manager" daemon [_thread_blocked, id=15540, stack(0x0000008b9cc00000,0x0000008b9cd00000)]
  0x000001a74ca17800 JavaThread "Event Hub" daemon [_thread_blocked, id=15908, stack(0x0000008b9ca00000,0x0000008b9cb00000)]
  0x000001a74a8b1800 JavaThread "Keep-Alive-SocketCleaner" daemon [_thread_blocked, id=10820, stack(0x0000008b9d700000,0x0000008b9d800000)]
  0x000001a74af5f800 JavaThread "ForkJoinPool.commonPool-worker-7" daemon [_thread_blocked, id=17616, stack(0x0000008b9ce00000,0x0000008b9cf00000)]
  0x000001a74af68800 JavaThread "ForkJoinPool.commonPool-worker-13" daemon [_thread_blocked, id=8756, stack(0x0000008b9b700000,0x0000008b9b800000)]
  0x000001a74af63800 JavaThread "ForkJoinPool.commonPool-worker-1" daemon [_thread_blocked, id=16720, stack(0x0000008b9c300000,0x0000008b9c400000)]
  0x000001a74af62000 JavaThread "Worker-50" [_thread_blocked, id=1572, stack(0x0000008b9a900000,0x0000008b9aa00000)]
  0x000001a74af5e800 JavaThread "ForkJoinPool.commonPool-worker-5" daemon [_thread_blocked, id=12752, stack(0x0000008b9d000000,0x0000008b9d100000)]
  0x000001a74af6b000 JavaThread "ForkJoinPool.commonPool-worker-3" daemon [_thread_blocked, id=11736, stack(0x0000008b9d100000,0x0000008b9d200000)]
  0x000001a74af62800 JavaThread "Worker-56" [_thread_blocked, id=16656, stack(0x0000008b9aa00000,0x0000008b9ab00000)]
  0x000001a74af6a000 JavaThread "ForkJoinPool.commonPool-worker-11" daemon [_thread_blocked, id=2452, stack(0x0000008b9d200000,0x0000008b9d300000)]
  0x000001a74af64000 JavaThread "Worker-57" [_thread_blocked, id=16820, stack(0x0000008b9cd00000,0x0000008b9ce00000)]
  0x000001a74af65000 JavaThread "ForkJoinPool.commonPool-worker-9" daemon [_thread_blocked, id=17252, stack(0x0000008b9d300000,0x0000008b9d400000)]
  0x000001a74af6b800 
[error occurred during error reporting (printing all threads), id 0xc0000005, EXCEPTION_ACCESS_VIOLATION (0xc0000005) at pc=0x00007ffc078a01bd]

VM state:at safepoint (normal execution)

VM Mutex/Monitor currently owned by a thread:  ([mutex/lock_event])
[0x000001a72a97c120] Threads_lock - owner thread: 0x000001a745bb1000
[0x000001a72a97b9d0] Heap_lock - owner thread: 0x000001a74af6b800

Heap address: 0x00000000c0000000, size: 1024 MB, Compressed Oops mode: 32-bit
Narrow klass base: 0x0000000800000000, Narrow klass shift: 3
Compressed class space size: 1073741824 Address: 0x0000000800b40000

Heap:
 PSYoungGen      total 14848K, used 2656K [0x00000000eab00000, 0x00000000ebc80000, 0x0000000100000000)
  eden space 11776K, 0% used [0x00000000eab00000,0x00000000eab00000,0x00000000eb680000)
  from space 3072K, 86% used [0x00000000eb700000,0x00000000eb998000,0x00000000eba00000)
  to   space 2560K, 0% used [0x00000000eba00000,0x00000000eba00000,0x00000000ebc80000)
 ParOldGen       total 153088K, used 150711K [0x00000000c0000000, 0x00000000c9580000, 0x00000000eab00000)
  object space 153088K, 98% used [0x00000000c0000000,0x00000000c932ded0,0x00000000c9580000)
 Metaspace       used 83470K, capacity 86919K, committed 87256K, reserved 1128448K
  class space    used 7892K, capacity 9094K, committed 9176K, reserved 1048576K

Card table byte_map: [0x000001a72a470000,0x000001a72a680000] _byte_map_base: 0x000001a729e70000

Marking Bits: (ParMarkBitMap*) 0x00007ffc07fb4110
 Begin Bits: [0x000001a741e80000, 0x000001a742e80000)
 End Bits:   [0x000001a742e80000, 0x000001a743e80000)

Polling page: 0x000001a7288d0000

Metaspace:

Usage:
  Non-class:     76.00 MB capacity,    73.81 MB ( 97%) used,     2.02 MB (  3%) free+waste,   175.63 KB ( <1%) overhead. 
      Class:      8.88 MB capacity,     7.71 MB ( 87%) used,     1.10 MB ( 12%) free+waste,    70.94 KB ( <1%) overhead. 
       Both:     84.88 MB capacity,    81.51 MB ( 96%) used,     3.13 MB (  4%) free+waste,   246.56 KB ( <1%) overhead. 

Virtual space:
  Non-class space:       78.00 MB reserved,      76.25 MB ( 98%) committed 
      Class space:        1.00 GB reserved,       8.96 MB ( <1%) committed 
             Both:        1.08 GB reserved,      85.21 MB (  8%) committed 

Chunk freelists:
   Non-Class:  63.00 KB
       Class:  26.00 KB
        Both:  89.00 KB

MaxMetaspaceSize: 17179869184.00 GB
CompressedClassSpaceSize: 1.00 GB

CodeHeap 'non-profiled nmethods': size=120000Kb used=26993Kb max_used=26993Kb free=93006Kb
 bounds [0x000001a73a950000, 0x000001a73c3b0000, 0x000001a741e80000]
CodeHeap 'profiled nmethods': size=120000Kb used=38427Kb max_used=38975Kb free=81572Kb
 bounds [0x000001a733420000, 0x000001a735a90000, 0x000001a73a950000]
CodeHeap 'non-nmethods': size=5760Kb used=1446Kb max_used=1552Kb free=4313Kb
 bounds [0x000001a732e80000, 0x000001a7330f0000, 0x000001a733420000]
 total_blobs=44614 nmethods=17661 adapters=659
 compilation: enabled
              stopped_count=0, restarted_count=0
 full_count=0

Compilation events (20 events):
Event: 67540.166 Thread 0x000001a744a7d800 nmethod 28982 0x000001a7336a5c90 code [0x000001a7336a5f20, 0x000001a7336a6ed0]
Event: 67540.166 Thread 0x000001a744a7d800 28983       3       org.eclipse.jdt.internal.core.hierarchy.BindingMap::<init> (35 bytes)
Event: 67540.166 Thread 0x000001a744a7d800 nmethod 28983 0x000001a7359aed10 code [0x000001a7359aef20, 0x000001a7359af818]
Event: 67540.166 Thread 0x000001a744a7d800 28984       3       org.eclipse.jdt.internal.core.hierarchy.HierarchyResolver::setEnvironment (39 bytes)
Event: 67540.167 Thread 0x000001a744a7d800 nmethod 28984 0x000001a7344b2d10 code [0x000001a7344b2ee0, 0x000001a7344b3500]
Event: 67540.169 Thread 0x000001a744a7d800 28985       3       org.eclipse.jdt.core.Signature::getArrayCount (8 bytes)
Event: 67540.169 Thread 0x000001a744a7d800 nmethod 28985 0x000001a733fc5810 code [0x000001a733fc5a60, 0x000001a733fc63a0]
Event: 67540.178 Thread 0x000001a744a6f800 28986 %     4       java.util.IdentityHashMap::clear @ 17 (39 bytes)
Event: 67540.181 Thread 0x000001a744a6f800 nmethod 28986% 0x000001a73c3ac190 code [0x000001a73c3ac320, 0x000001a73c3ac518]
Event: 67540.191 Thread 0x000001a744a7d800 28987       3       org.eclipse.jdt.internal.core.hierarchy.TypeHierarchy::initializeRegions (135 bytes)
Event: 67540.193 Thread 0x000001a744a7d800 nmethod 28987 0x000001a734f35e10 code [0x000001a734f36260, 0x000001a734f38870]
Event: 67540.212 Thread 0x000001a744a7d800 28988   !   3       org.eclipse.jdt.internal.corext.template.java.CompilationUnitCompletion$Variable::isSubtypeOf (278 bytes)
Event: 67540.215 Thread 0x000001a744a7d800 nmethod 28988 0x000001a735447b90 code [0x000001a7354481a0, 0x000001a73544b490]
Event: 67540.215 Thread 0x000001a744a7d800 28989       3       org.eclipse.jdt.internal.core.CreateTypeHierarchyOperation::<init> (54 bytes)
Event: 67540.216 Thread 0x000001a744a7d800 nmethod 28989 0x000001a734ab9910 code [0x000001a734ab9ae0, 0x000001a734ab9f50]
Event: 67540.216 Thread 0x000001a744a7d800 28990       3       org.eclipse.jdt.internal.core.JavaModelOperation::<init> (52 bytes)
Event: 67540.216 Thread 0x000001a744a7d800 nmethod 28990 0x000001a7359daf10 code [0x000001a7359db0e0, 0x000001a7359db5f0]
Event: 67540.269 Thread 0x000001a744a7d800 28991       3       org.eclipse.jdt.internal.compiler.parser.Parser::consumeBlock (189 bytes)
Event: 67540.270 Thread 0x000001a744a7d800 nmethod 28991 0x000001a73475ec10 code [0x000001a73475ee40, 0x000001a73475f9b0]
Event: 67540.711 Thread 0x000001a744a6f800 28992       4       org.eclipse.jdt.internal.compiler.lookup.Scope::getTypeOrPackage (1658 bytes)

GC Heap History (20 events):
Event: 67540.139 GC heap after
{Heap after GC invocations=12520 (full 301):
 PSYoungGen      total 12288K, used 448K [0x00000000eab00000, 0x00000000ebc00000, 0x0000000100000000)
  eden space 11776K, 0% used [0x00000000eab00000,0x00000000eab00000,0x00000000eb680000)
  from space 512K, 87% used [0x00000000ebb80000,0x00000000ebbf0000,0x00000000ebc00000)
  to   space 512K, 0% used [0x00000000ebb00000,0x00000000ebb00000,0x00000000ebb80000)
 ParOldGen       total 153088K, used 140581K [0x00000000c0000000, 0x00000000c9580000, 0x00000000eab00000)
  object space 153088K, 91% used [0x00000000c0000000,0x00000000c8949670,0x00000000c9580000)
 Metaspace       used 83463K, capacity 86919K, committed 87256K, reserved 1128448K
  class space    used 7892K, capacity 9094K, committed 9176K, reserved 1048576K
}
Event: 67540.159 GC heap before
{Heap before GC invocations=12521 (full 301):
 PSYoungGen      total 12288K, used 12224K [0x00000000eab00000, 0x00000000ebc00000, 0x0000000100000000)
  eden space 11776K, 100% used [0x00000000eab00000,0x00000000eb680000,0x00000000eb680000)
  from space 512K, 87% used [0x00000000ebb80000,0x00000000ebbf0000,0x00000000ebc00000)
  to   space 512K, 0% used [0x00000000ebb00000,0x00000000ebb00000,0x00000000ebb80000)
 ParOldGen       total 153088K, used 140581K [0x00000000c0000000, 0x00000000c9580000, 0x00000000eab00000)
  object space 153088K, 91% used [0x00000000c0000000,0x00000000c8949670,0x00000000c9580000)
 Metaspace       used 83463K, capacity 86919K, committed 87256K, reserved 1128448K
  class space    used 7892K, capacity 9094K, committed 9176K, reserved 1048576K
}
Event: 67540.161 GC heap after
{Heap after GC invocations=12521 (full 301):
 PSYoungGen      total 12288K, used 512K [0x00000000eab00000, 0x00000000ebc00000, 0x0000000100000000)
  eden space 11776K, 0% used [0x00000000eab00000,0x00000000eab00000,0x00000000eb680000)
  from space 512K, 100% used [0x00000000ebb00000,0x00000000ebb80000,0x00000000ebb80000)
  to   space 512K, 0% used [0x00000000ebb80000,0x00000000ebb80000,0x00000000ebc00000)
 ParOldGen       total 153088K, used 140829K [0x00000000c0000000, 0x00000000c9580000, 0x00000000eab00000)
  object space 153088K, 91% used [0x00000000c0000000,0x00000000c8987670,0x00000000c9580000)
 Metaspace       used 83463K, capacity 86919K, committed 87256K, reserved 1128448K
  class space    used 7892K, capacity 9094K, committed 9176K, reserved 1048576K
}
Event: 67540.182 GC heap before
{Heap before GC invocations=12522 (full 301):
 PSYoungGen      total 12288K, used 12288K [0x00000000eab00000, 0x00000000ebc00000, 0x0000000100000000)
  eden space 11776K, 100% used [0x00000000eab00000,0x00000000eb680000,0x00000000eb680000)
  from space 512K, 100% used [0x00000000ebb00000,0x00000000ebb80000,0x00000000ebb80000)
  to   space 512K, 0% used [0x00000000ebb80000,0x00000000ebb80000,0x00000000ebc00000)
 ParOldGen       total 153088K, used 140829K [0x00000000c0000000, 0x00000000c9580000, 0x00000000eab00000)
  object space 153088K, 91% used [0x00000000c0000000,0x00000000c8987670,0x00000000c9580000)
 Metaspace       used 83465K, capacity 86919K, committed 87256K, reserved 1128448K
  class space    used 7892K, capacity 9094K, committed 9176K, reserved 1048576K
}
Event: 67540.184 GC heap after
{Heap after GC invocations=12522 (full 301):
 PSYoungGen      total 12288K, used 384K [0x00000000eab00000, 0x00000000ebc00000, 0x0000000100000000)
  eden space 11776K, 0% used [0x00000000eab00000,0x00000000eab00000,0x00000000eb680000)
  from space 512K, 75% used [0x00000000ebb80000,0x00000000ebbe0000,0x00000000ebc00000)
  to   space 1024K, 0% used [0x00000000eba00000,0x00000000eba00000,0x00000000ebb00000)
 ParOldGen       total 153088K, used 141348K [0x00000000c0000000, 0x00000000c9580000, 0x00000000eab00000)
  object space 153088K, 92% used [0x00000000c0000000,0x00000000c8a09310,0x00000000c9580000)
 Metaspace       used 83465K, capacity 86919K, committed 87256K, reserved 1128448K
  class space    used 7892K, capacity 9094K, committed 9176K, reserved 1048576K
}
Event: 67540.205 GC heap before
{Heap before GC invocations=12523 (full 301):
 PSYoungGen      total 12288K, used 12160K [0x00000000eab00000, 0x00000000ebc00000, 0x0000000100000000)
  eden space 11776K, 100% used [0x00000000eab00000,0x00000000eb680000,0x00000000eb680000)
  from space 512K, 75% used [0x00000000ebb80000,0x00000000ebbe0000,0x00000000ebc00000)
  to   space 1024K, 0% used [0x00000000eba00000,0x00000000eba00000,0x00000000ebb00000)
 ParOldGen       total 153088K, used 141348K [0x00000000c0000000, 0x00000000c9580000, 0x00000000eab00000)
  object space 153088K, 92% used [0x00000000c0000000,0x00000000c8a09310,0x00000000c9580000)
 Metaspace       used 83466K, capacity 86919K, committed 87256K, reserved 1128448K
  class space    used 7892K, capacity 9094K, committed 9176K, reserved 1048576K
}
Event: 67540.206 GC heap after
{Heap after GC invocations=12523 (full 301):
 PSYoungGen      total 12800K, used 384K [0x00000000eab00000, 0x00000000ebc00000, 0x0000000100000000)
  eden space 11776K, 0% used [0x00000000eab00000,0x00000000eab00000,0x00000000eb680000)
  from space 1024K, 37% used [0x00000000eba00000,0x00000000eba60000,0x00000000ebb00000)
  to   space 512K, 0% used [0x00000000ebb80000,0x00000000ebb80000,0x00000000ebc00000)
 ParOldGen       total 153088K, used 141516K [0x00000000c0000000, 0x00000000c9580000, 0x00000000eab00000)
  object space 153088K, 92% used [0x00000000c0000000,0x00000000c8a33310,0x00000000c9580000)
 Metaspace       used 83466K, capacity 86919K, committed 87256K, reserved 1128448K
  class space    used 7892K, capacity 9094K, committed 9176K, reserved 1048576K
}
Event: 67540.226 GC heap before
{Heap before GC invocations=12524 (full 301):
 PSYoungGen      total 12800K, used 12160K [0x00000000eab00000, 0x00000000ebc00000, 0x0000000100000000)
  eden space 11776K, 100% used [0x00000000eab00000,0x00000000eb680000,0x00000000eb680000)
  from space 1024K, 37% used [0x00000000eba00000,0x00000000eba60000,0x00000000ebb00000)
  to   space 512K, 0% used [0x00000000ebb80000,0x00000000ebb80000,0x00000000ebc00000)
 ParOldGen       total 153088K, used 141516K [0x00000000c0000000, 0x00000000c9580000, 0x00000000eab00000)
  object space 153088K, 92% used [0x00000000c0000000,0x00000000c8a33310,0x00000000c9580000)
 Metaspace       used 83470K, capacity 86919K, committed 87256K, reserved 1128448K
  class space    used 7892K, capacity 9094K, committed 9176K, reserved 1048576K
}
Event: 67540.228 GC heap after
{Heap after GC invocations=12524 (full 301):
 PSYoungGen      total 12288K, used 224K [0x00000000eab00000, 0x00000000ebc00000, 0x0000000100000000)
  eden space 11776K, 0% used [0x00000000eab00000,0x00000000eab00000,0x00000000eb680000)
  from space 512K, 43% used [0x00000000ebb80000,0x00000000ebbb8000,0x00000000ebc00000)
  to   space 512K, 0% used [0x00000000ebb00000,0x00000000ebb00000,0x00000000ebb80000)
 ParOldGen       total 153088K, used 141516K [0x00000000c0000000, 0x00000000c9580000, 0x00000000eab00000)
  object space 153088K, 92% used [0x00000000c0000000,0x00000000c8a33310,0x00000000c9580000)
 Metaspace       used 83470K, capacity 86919K, committed 87256K, reserved 1128448K
  class space    used 7892K, capacity 9094K, committed 9176K, reserved 1048576K
}
Event: 67540.245 GC heap before
{Heap before GC invocations=12525 (full 301):
 PSYoungGen      total 12288K, used 12000K [0x00000000eab00000, 0x00000000ebc00000, 0x0000000100000000)
  eden space 11776K, 100% used [0x00000000eab00000,0x00000000eb680000,0x00000000eb680000)
  from space 512K, 43% used [0x00000000ebb80000,0x00000000ebbb8000,0x00000000ebc00000)
  to   space 512K, 0% used [0x00000000ebb00000,0x00000000ebb00000,0x00000000ebb80000)
 ParOldGen       total 153088K, used 141516K [0x00000000c0000000, 0x00000000c9580000, 0x00000000eab00000)
  object space 153088K, 92% used [0x00000000c0000000,0x00000000c8a33310,0x00000000c9580000)
 Metaspace       used 83470K, capacity 86919K, committed 87256K, reserved 1128448K
  class space    used 7892K, capacity 9094K, committed 9176K, reserved 1048576K
}
Event: 67540.248 GC heap after
{Heap after GC invocations=12525 (full 301):
 PSYoungGen      total 12288K, used 503K [0x00000000eab00000, 0x00000000ebc00000, 0x0000000100000000)
  eden space 11776K, 0% used [0x00000000eab00000,0x00000000eab00000,0x00000000eb680000)
  from space 512K, 98% used [0x00000000ebb00000,0x00000000ebb7df68,0x00000000ebb80000)
  to   space 512K, 0% used [0x00000000ebb80000,0x00000000ebb80000,0x00000000ebc00000)
 ParOldGen       total 153088K, used 141832K [0x00000000c0000000, 0x00000000c9580000, 0x00000000eab00000)
  object space 153088K, 92% used [0x00000000c0000000,0x00000000c8a820b0,0x00000000c9580000)
 Metaspace       used 83470K, capacity 86919K, committed 87256K, reserved 1128448K
  class space    used 7892K, capacity 9094K, committed 9176K, reserved 1048576K
}
Event: 67540.271 GC heap before
{Heap before GC invocations=12526 (full 301):
 PSYoungGen      total 12288K, used 12279K [0x00000000eab00000, 0x00000000ebc00000, 0x0000000100000000)
  eden space 11776K, 100% used [0x00000000eab00000,0x00000000eb680000,0x00000000eb680000)
  from space 512K, 98% used [0x00000000ebb00000,0x00000000ebb7df68,0x00000000ebb80000)
  to   space 512K, 0% used [0x00000000ebb80000,0x00000000ebb80000,0x00000000ebc00000)
 ParOldGen       total 153088K, used 141832K [0x00000000c0000000, 0x00000000c9580000, 0x00000000eab00000)
  object space 153088K, 92% used [0x00000000c0000000,0x00000000c8a820b0,0x00000000c9580000)
 Metaspace       used 83470K, capacity 86919K, committed 87256K, reserved 1128448K
  class space    used 7892K, capacity 9094K, committed 9176K, reserved 1048576K
}
Event: 67540.274 GC heap after
{Heap after GC invocations=12526 (full 301):
 PSYoungGen      total 12288K, used 512K [0x00000000eab00000, 0x00000000ebc80000, 0x0000000100000000)
  eden space 11776K, 0% used [0x00000000eab00000,0x00000000eab00000,0x00000000eb680000)
  from space 512K, 100% used [0x00000000ebb80000,0x00000000ebc00000,0x00000000ebc00000)
  to   space 3072K, 0% used [0x00000000eb680000,0x00000000eb680000,0x00000000eb980000)
 ParOldGen       total 153088K, used 143829K [0x00000000c0000000, 0x00000000c9580000, 0x00000000eab00000)
  object space 153088K, 93% used [0x00000000c0000000,0x00000000c8c75468,0x00000000c9580000)
 Metaspace       used 83470K, capacity 86919K, committed 87256K, reserved 1128448K
  class space    used 7892K, capacity 9094K, committed 9176K, reserved 1048576K
}
Event: 67540.702 GC heap before
{Heap before GC invocations=12527 (full 301):
 PSYoungGen      total 12288K, used 12288K [0x00000000eab00000, 0x00000000ebc80000, 0x0000000100000000)
  eden space 11776K, 100% used [0x00000000eab00000,0x00000000eb680000,0x00000000eb680000)
  from space 512K, 100% used [0x00000000ebb80000,0x00000000ebc00000,0x00000000ebc00000)
  to   space 3072K, 0% used [0x00000000eb680000,0x00000000eb680000,0x00000000eb980000)
 ParOldGen       total 153088K, used 143829K [0x00000000c0000000, 0x00000000c9580000, 0x00000000eab00000)
  object space 153088K, 93% used [0x00000000c0000000,0x00000000c8c75468,0x00000000c9580000)
 Metaspace       used 83470K, capacity 86919K, committed 87256K, reserved 1128448K
  class space    used 7892K, capacity 9094K, committed 9176K, reserved 1048576K
}
Event: 67540.707 GC heap after
{Heap after GC invocations=12527 (full 301):
 PSYoungGen      total 14848K, used 3055K [0x00000000eab00000, 0x00000000ebf80000, 0x0000000100000000)
  eden space 11776K, 0% used [0x00000000eab00000,0x00000000eab00000,0x00000000eb680000)
  from space 3072K, 99% used [0x00000000eb680000,0x00000000eb97bed0,0x00000000eb980000)
  to   space 4608K, 0% used [0x00000000ebb00000,0x00000000ebb00000,0x00000000ebf80000)
 ParOldGen       total 153088K, used 144774K [0x00000000c0000000, 0x00000000c9580000, 0x00000000eab00000)
  object space 153088K, 94% used [0x00000000c0000000,0x00000000c8d61918,0x00000000c9580000)
 Metaspace       used 83470K, capacity 86919K, committed 87256K, reserved 1128448K
  class space    used 7892K, capacity 9094K, committed 9176K, reserved 1048576K
}
Event: 67540.739 GC heap before
{Heap before GC invocations=12528 (full 301):
 PSYoungGen      total 14848K, used 14831K [0x00000000eab00000, 0x00000000ebf80000, 0x0000000100000000)
  eden space 11776K, 100% used [0x00000000eab00000,0x00000000eb680000,0x00000000eb680000)
  from space 3072K, 99% used [0x00000000eb680000,0x00000000eb97bed0,0x00000000eb980000)
  to   space 4608K, 0% used [0x00000000ebb00000,0x00000000ebb00000,0x00000000ebf80000)
 ParOldGen       total 153088K, used 144774K [0x00000000c0000000, 0x00000000c9580000, 0x00000000eab00000)
  object space 153088K, 94% used [0x00000000c0000000,0x00000000c8d61918,0x00000000c9580000)
 Metaspace       used 83470K, capacity 86919K, committed 87256K, reserved 1128448K
  class space    used 7892K, capacity 9094K, committed 9176K, reserved 1048576K
}
Event: 67540.745 GC heap after
{Heap after GC invocations=12528 (full 301):
 PSYoungGen      total 14848K, used 2960K [0x00000000eab00000, 0x00000000ebe00000, 0x0000000100000000)
  eden space 11776K, 0% used [0x00000000eab00000,0x00000000eab00000,0x00000000eb680000)
  from space 3072K, 96% used [0x00000000ebb00000,0x00000000ebde4230,0x00000000ebe00000)
  to   space 3584K, 0% used [0x00000000eb700000,0x00000000eb700000,0x00000000eba80000)
 ParOldGen       total 153088K, used 147834K [0x00000000c0000000, 0x00000000c9580000, 0x00000000eab00000)
  object space 153088K, 96% used [0x00000000c0000000,0x00000000c905e9a0,0x00000000c9580000)
 Metaspace       used 83470K, capacity 86919K, committed 87256K, reserved 1128448K
  class space    used 7892K, capacity 9094K, committed 9176K, reserved 1048576K
}
Event: 67540.774 GC heap before
{Heap before GC invocations=12529 (full 301):
 PSYoungGen      total 14848K, used 14736K [0x00000000eab00000, 0x00000000ebe00000, 0x0000000100000000)
  eden space 11776K, 100% used [0x00000000eab00000,0x00000000eb680000,0x00000000eb680000)
  from space 3072K, 96% used [0x00000000ebb00000,0x00000000ebde4230,0x00000000ebe00000)
  to   space 3584K, 0% used [0x00000000eb700000,0x00000000eb700000,0x00000000eba80000)
 ParOldGen       total 153088K, used 147834K [0x00000000c0000000, 0x00000000c9580000, 0x00000000eab00000)
  object space 153088K, 96% used [0x00000000c0000000,0x00000000c905e9a0,0x00000000c9580000)
 Metaspace       used 83470K, capacity 86919K, committed 87256K, reserved 1128448K
  class space    used 7892K, capacity 9094K, committed 9176K, reserved 1048576K
}
Event: 67540.779 GC heap after
{Heap after GC invocations=12529 (full 301):
 PSYoungGen      total 14848K, used 2656K [0x00000000eab00000, 0x00000000ebc80000, 0x0000000100000000)
  eden space 11776K, 0% used [0x00000000eab00000,0x00000000eab00000,0x00000000eb680000)
  from space 3072K, 86% used [0x00000000eb700000,0x00000000eb998000,0x00000000eba00000)
  to   space 2560K, 0% used [0x00000000eba00000,0x00000000eba00000,0x00000000ebc80000)
 ParOldGen       total 153088K, used 150711K [0x00000000c0000000, 0x00000000c9580000, 0x00000000eab00000)
  object space 153088K, 98% used [0x00000000c0000000,0x00000000c932ded0,0x00000000c9580000)
 Metaspace       used 83470K, capacity 86919K, committed 87256K, reserved 1128448K
  class space    used 7892K, capacity 9094K, committed 9176K, reserved 1048576K
}
Event: 67540.780 GC heap before
{Heap before GC invocations=12530 (full 302):
 PSYoungGen      total 14848K, used 2656K [0x00000000eab00000, 0x00000000ebc80000, 0x0000000100000000)
  eden space 11776K, 0% used [0x00000000eab00000,0x00000000eab00000,0x00000000eb680000)
  from space 3072K, 86% used [0x00000000eb700000,0x00000000eb998000,0x00000000eba00000)
  to   space 2560K, 0% used [0x00000000eba00000,0x00000000eba00000,0x00000000ebc80000)
 ParOldGen       total 153088K, used 150711K [0x00000000c0000000, 0x00000000c9580000, 0x00000000eab00000)
  object space 153088K, 98% used [0x00000000c0000000,0x00000000c932ded0,0x00000000c9580000)
 Metaspace       used 83470K, capacity 86919K, committed 87256K, reserved 1128448K
  class space    used 7892K, capacity 9094K, committed 9176K, reserved 1048576K
}

Deoptimization events (20 events):
Event: 67538.888 Thread 0x000001a74af63800 Uncommon trap: trap_request=0xffffffc6 fr.pc=0x000001a73b54f278 relative=0x00000000000043d8
Event: 67538.888 Thread 0x000001a74af63800 Uncommon trap: reason=bimorphic_or_optimized_type_check action=maybe_recompile pc=0x000001a73b54f278 method=org.eclipse.jdt.internal.compiler.lookup.LookupEnvironment.getTypeFromTypeSignature(Lorg/eclipse/jdt/internal/compiler/lookup/SignatureWrapper;[Lor
Event: 67538.888 Thread 0x000001a74af63800 DEOPT PACKING pc=0x000001a73b54f278 sp=0x0000008b9c3fd180
Event: 67538.888 Thread 0x000001a74af63800 DEOPT UNPACKING pc=0x000001a732ec942f sp=0x0000008b9c3fd168 mode 2
Event: 67538.910 Thread 0x000001a74af63800 Uncommon trap: trap_request=0xffffff45 fr.pc=0x000001a73c09a280 relative=0x0000000000000340
Event: 67538.910 Thread 0x000001a74af63800 Uncommon trap: reason=unstable_if action=reinterpret pc=0x000001a73c09a280 method=org.eclipse.jdt.core.NamingConventions.convertStringToChars([Ljava/lang/String;)[[C @ 24 c2
Event: 67538.910 Thread 0x000001a74af63800 DEOPT PACKING pc=0x000001a73c09a280 sp=0x0000008b9c3fdfc0
Event: 67538.910 Thread 0x000001a74af63800 DEOPT UNPACKING pc=0x000001a732ec942f sp=0x0000008b9c3fdf60 mode 2
Event: 67539.147 Thread 0x000001a74af63800 Uncommon trap: trap_request=0xffffff45 fr.pc=0x000001a73bd08a10 relative=0x0000000000001410
Event: 67539.147 Thread 0x000001a74af63800 Uncommon trap: reason=unstable_if action=reinterpret pc=0x000001a73bd08a10 method=org.eclipse.jdt.internal.compiler.codegen.ConstantPool.literalIndexForLdc([C)I @ 149 c2
Event: 67539.147 Thread 0x000001a74af63800 DEOPT PACKING pc=0x000001a73bd08a10 sp=0x0000008b9c3fdc10
Event: 67539.147 Thread 0x000001a74af63800 DEOPT UNPACKING pc=0x000001a732ec942f sp=0x0000008b9c3fdbb0 mode 2
Event: 67539.947 Thread 0x000001a74af68800 DEOPT PACKING pc=0x000001a735795f41 sp=0x0000008b9b7fd900
Event: 67539.947 Thread 0x000001a74af68800 DEOPT UNPACKING pc=0x000001a732ec994e sp=0x0000008b9b7fceb8 mode 0
Event: 67540.164 Thread 0x000001a74af68800 Uncommon trap: trap_request=0xffffffe4 fr.pc=0x000001a73c3abf38 relative=0x0000000000000118
Event: 67540.164 Thread 0x000001a74af68800 Uncommon trap: reason=range_check action=make_not_entrant pc=0x000001a73c3abf38 method=org.eclipse.jdt.core.Signature.getArrayCount([C)I @ 10 c2
Event: 67540.164 Thread 0x000001a74af68800 DEOPT PACKING pc=0x000001a73c3abf38 sp=0x0000008b9b7fe040
Event: 67540.165 Thread 0x000001a74af68800 DEOPT UNPACKING pc=0x000001a732ec942f sp=0x0000008b9b7fdf80 mode 2
Event: 67540.769 Thread 0x000001a74af6b800 DEOPT PACKING pc=0x000001a734abbf8f sp=0x0000008b9d6fe050
Event: 67540.769 Thread 0x000001a74af6b800 DEOPT UNPACKING pc=0x000001a732ec994e sp=0x0000008b9d6fd530 mode 0

Classes unloaded (20 events):
Event: 3212.135 Thread 0x000001a745bb1000 Unloading class 0x0000000801346440 'jdk/internal/reflect/GeneratedSerializationConstructorAccessor7'
Event: 3212.135 Thread 0x000001a745bb1000 Unloading class 0x0000000801342c40 'jdk/internal/reflect/GeneratedSerializationConstructorAccessor6'
Event: 3212.135 Thread 0x000001a745bb1000 Unloading class 0x0000000800ba7440 'jdk/internal/reflect/GeneratedSerializationConstructorAccessor5'
Event: 6769.138 Thread 0x000001a745bb1000 Unloading class 0x0000000800edac40 'jdk/internal/reflect/GeneratedConstructorAccessor57'
Event: 49957.790 Thread 0x000001a745bb1000 Unloading class 0x0000000801191840 'jdk/internal/reflect/GeneratedConstructorAccessor27'
Event: 51524.892 Thread 0x000001a745bb1000 Unloading class 0x0000000800f17840 'jdk/internal/reflect/GeneratedSerializationConstructorAccessor12'
Event: 51524.892 Thread 0x000001a745bb1000 Unloading class 0x0000000800bae040 'jdk/internal/reflect/GeneratedSerializationConstructorAccessor11'
Event: 51524.892 Thread 0x000001a745bb1000 Unloading class 0x0000000800badc40 'jdk/internal/reflect/GeneratedSerializationConstructorAccessor10'
Event: 51524.892 Thread 0x000001a745bb1000 Unloading class 0x0000000800baa840 'jdk/internal/reflect/GeneratedSerializationConstructorAccessor9'
Event: 65970.810 Thread 0x000001a745bb1000 Unloading class 0x0000000801385040 'jdk/internal/reflect/GeneratedConstructorAccessor71'
Event: 65970.810 Thread 0x000001a745bb1000 Unloading class 0x0000000801385c40 'jdk/internal/reflect/GeneratedConstructorAccessor70'
Event: 65970.810 Thread 0x000001a745bb1000 Unloading class 0x0000000800bab840 'jdk/internal/reflect/GeneratedConstructorAccessor68'
Event: 65970.810 Thread 0x000001a745bb1000 Unloading class 0x0000000800cbcc40 'jdk/internal/reflect/GeneratedConstructorAccessor67'
Event: 65970.810 Thread 0x000001a745bb1000 Unloading class 0x0000000800cbc840 'jdk/internal/reflect/GeneratedConstructorAccessor66'
Event: 65970.810 Thread 0x000001a745bb1000 Unloading class 0x0000000800f17440 'jdk/internal/reflect/GeneratedConstructorAccessor65'
Event: 65970.810 Thread 0x000001a745bb1000 Unloading class 0x0000000800f17040 'jdk/internal/reflect/GeneratedConstructorAccessor64'
Event: 65970.810 Thread 0x000001a745bb1000 Unloading class 0x0000000801330c40 'jdk/internal/reflect/GeneratedConstructorAccessor63'
Event: 65970.810 Thread 0x000001a745bb1000 Unloading class 0x0000000800f17c40 'jdk/internal/reflect/GeneratedConstructorAccessor62'
Event: 65970.810 Thread 0x000001a745bb1000 Unloading class 0x0000000800cbdc40 'jdk/internal/reflect/GeneratedConstructorAccessor60'
Event: 65970.810 Thread 0x000001a745bb1000 Unloading class 0x0000000801346440 'jdk/internal/reflect/GeneratedConstructorAccessor59'

Classes redefined (0 events):
No events

Internal exceptions (20 events):
Event: 67393.169 Thread 0x000001a74af5e800 Exception <a 'java/lang/ArrayIndexOutOfBoundsException'{0x00000000eb222428}> (0x00000000eb222428) 
thrown [t:/workspace/open/src/hotspot/share/runtime/sharedRuntime.cpp, line 585]
Event: 67393.169 Thread 0x000001a74af5e800 Exception <a 'java/lang/ArrayIndexOutOfBoundsException'{0x00000000eb23be78}> (0x00000000eb23be78) 
thrown [t:/workspace/open/src/hotspot/share/runtime/sharedRuntime.cpp, line 585]
Event: 67393.170 Thread 0x000001a74af5e800 Exception <a 'java/lang/ArrayIndexOutOfBoundsException'{0x00000000eb26aae0}> (0x00000000eb26aae0) 
thrown [t:/workspace/open/src/hotspot/share/runtime/sharedRuntime.cpp, line 585]
Event: 67393.170 Thread 0x000001a74af5e800 Exception <a 'java/lang/ArrayIndexOutOfBoundsException'{0x00000000eb284a30}> (0x00000000eb284a30) 
thrown [t:/workspace/open/src/hotspot/share/runtime/sharedRuntime.cpp, line 585]
Event: 67393.171 Thread 0x000001a74af5e800 Exception <a 'java/lang/ArrayIndexOutOfBoundsException'{0x00000000eb2b39a0}> (0x00000000eb2b39a0) 
thrown [t:/workspace/open/src/hotspot/share/runtime/sharedRuntime.cpp, line 585]
Event: 67393.171 Thread 0x000001a74af5e800 Exception <a 'java/lang/ArrayIndexOutOfBoundsException'{0x00000000eb2cd8d8}> (0x00000000eb2cd8d8) 
thrown [t:/workspace/open/src/hotspot/share/runtime/sharedRuntime.cpp, line 585]
Event: 67393.172 Thread 0x000001a74af5e800 Exception <a 'java/lang/ArrayIndexOutOfBoundsException'{0x00000000eb37dff8}> (0x00000000eb37dff8) 
thrown [t:/workspace/open/src/hotspot/share/runtime/sharedRuntime.cpp, line 585]
Event: 67393.178 Thread 0x000001a74af6b000 Exception <a 'java/lang/ArrayIndexOutOfBoundsException'{0x00000000eb69d1c8}> (0x00000000eb69d1c8) 
thrown [t:/workspace/open/src/hotspot/share/runtime/sharedRuntime.cpp, line 585]
Event: 67393.192 Thread 0x000001a74af5e800 Exception <a 'java/lang/ArrayIndexOutOfBoundsException'{0x00000000eb15d5f8}> (0x00000000eb15d5f8) 
thrown [t:/workspace/open/src/hotspot/share/runtime/sharedRuntime.cpp, line 585]
Event: 67393.193 Thread 0x000001a74af5e800 Exception <a 'java/lang/ArrayIndexOutOfBoundsException'{0x00000000eb172cd8}> (0x00000000eb172cd8) 
thrown [t:/workspace/open/src/hotspot/share/runtime/sharedRuntime.cpp, line 585]
Event: 67393.193 Thread 0x000001a74af5e800 Exception <a 'java/lang/ArrayIndexOutOfBoundsException'{0x00000000eb1e58c0}> (0x00000000eb1e58c0) 
thrown [t:/workspace/open/src/hotspot/share/runtime/sharedRuntime.cpp, line 585]
Event: 67393.193 Thread 0x000001a74af5e800 Exception <a 'java/lang/ArrayIndexOutOfBoundsException'{0x00000000eb1f2bc0}> (0x00000000eb1f2bc0) 
thrown [t:/workspace/open/src/hotspot/share/runtime/sharedRuntime.cpp, line 585]
Event: 67393.194 Thread 0x000001a74af5e800 Exception <a 'java/lang/ArrayIndexOutOfBoundsException'{0x00000000eb2022c8}> (0x00000000eb2022c8) 
thrown [t:/workspace/open/src/hotspot/share/runtime/sharedRuntime.cpp, line 585]
Event: 67393.195 Thread 0x000001a74af5e800 Exception <a 'java/lang/ArrayIndexOutOfBoundsException'{0x00000000eb28c190}> (0x00000000eb28c190) 
thrown [t:/workspace/open/src/hotspot/share/runtime/sharedRuntime.cpp, line 585]
Event: 67393.196 Thread 0x000001a74af6b000 Exception <a 'java/lang/ArrayIndexOutOfBoundsException'{0x00000000eb3f3db8}> (0x00000000eb3f3db8) 
thrown [t:/workspace/open/src/hotspot/share/runtime/sharedRuntime.cpp, line 585]
Event: 67458.866 Thread 0x000001a74af63800 Implicit null exception at 0x000001a73b7366c7 to 0x000001a73b73787e
Event: 67458.867 Thread 0x000001a74af63800 Implicit null exception at 0x000001a73b51dee6 to 0x000001a73b51ec1e
Event: 67531.083 Thread 0x000001a74af5e800 Exception <a 'java/lang/ClassNotFoundException'{0x00000000eb3d99e8}: sun/util/logging/resources/spi/loggingProvider> (0x00000000eb3d99e8) 
thrown [t:/workspace/open/src/hotspot/share/classfile/systemDictionary.cpp, line 232]
Event: 67538.692 Thread 0x000001a74af63800 Implicit null exception at 0x000001a73be02360 to 0x000001a73be023cf
Event: 67538.910 Thread 0x000001a74af63800 Implicit null exception at 0x000001a73c09a09a to 0x000001a73c09a25a

Events (20 events):
Event: 67540.117 Executing VM operation: ParallelGCFailedAllocation done
Event: 67540.137 Executing VM operation: ParallelGCFailedAllocation
Event: 67540.139 Executing VM operation: ParallelGCFailedAllocation done
Event: 67540.159 Executing VM operation: ParallelGCFailedAllocation
Event: 67540.161 Executing VM operation: ParallelGCFailedAllocation done
Event: 67540.182 Executing VM operation: ParallelGCFailedAllocation
Event: 67540.184 Executing VM operation: ParallelGCFailedAllocation done
Event: 67540.205 Executing VM operation: ParallelGCFailedAllocation
Event: 67540.206 Executing VM operation: ParallelGCFailedAllocation done
Event: 67540.226 Executing VM operation: ParallelGCFailedAllocation
Event: 67540.228 Executing VM operation: ParallelGCFailedAllocation done
Event: 67540.245 Executing VM operation: ParallelGCFailedAllocation
Event: 67540.248 Executing VM operation: ParallelGCFailedAllocation done
Event: 67540.271 Executing VM operation: ParallelGCFailedAllocation
Event: 67540.274 Executing VM operation: ParallelGCFailedAllocation done
Event: 67540.702 Executing VM operation: ParallelGCFailedAllocation
Event: 67540.707 Executing VM operation: ParallelGCFailedAllocation done
Event: 67540.739 Executing VM operation: ParallelGCFailedAllocation
Event: 67540.745 Executing VM operation: ParallelGCFailedAllocation done
Event: 67540.774 Executing VM operation: ParallelGCFailedAllocation


Dynamic libraries:
0x00007ff74d370000 - 0x00007ff74d37f000 	C:\Program Files\Java\jdk-13.0.2\bin\java.exe
0x00007ffc6f940000 - 0x00007ffc6fb2d000 	C:\WINDOWS\SYSTEM32\ntdll.dll
0x00007ffc6de70000 - 0x00007ffc6df23000 	C:\WINDOWS\System32\KERNEL32.DLL
0x00007ffc6bb30000 - 0x00007ffc6bdc3000 	C:\WINDOWS\System32\KERNELBASE.dll
0x00007ffc6c340000 - 0x00007ffc6c43a000 	C:\WINDOWS\System32\ucrtbase.dll
0x00007ffc0dce0000 - 0x00007ffc0dcf5000 	C:\Program Files\Java\jdk-13.0.2\bin\VCRUNTIME140.dll
0x00007ffc08120000 - 0x00007ffc08138000 	C:\Program Files\Java\jdk-13.0.2\bin\jli.dll
0x00007ffc6e260000 - 0x00007ffc6e303000 	C:\WINDOWS\System32\ADVAPI32.dll
0x00007ffc6d480000 - 0x00007ffc6d51e000 	C:\WINDOWS\System32\msvcrt.dll
0x00007ffc6e310000 - 0x00007ffc6e3ae000 	C:\WINDOWS\System32\sechost.dll
0x00007ffc6d2e0000 - 0x00007ffc6d402000 	C:\WINDOWS\System32\RPCRT4.dll
0x00007ffc6d140000 - 0x00007ffc6d2d7000 	C:\WINDOWS\System32\USER32.dll
0x00007ffc60a10000 - 0x00007ffc60c89000 	C:\WINDOWS\WinSxS\amd64_microsoft.windows.common-controls_6595b64144ccf1df_6.0.17763.1098_none_de762ed45346ee8a\COMCTL32.dll
0x00007ffc6df30000 - 0x00007ffc6e25c000 	C:\WINDOWS\System32\combase.dll
0x00007ffc6c270000 - 0x00007ffc6c290000 	C:\WINDOWS\System32\win32u.dll
0x00007ffc6c290000 - 0x00007ffc6c30e000 	C:\WINDOWS\System32\bcryptPrimitives.dll
0x00007ffc6d830000 - 0x00007ffc6d859000 	C:\WINDOWS\System32\GDI32.dll
0x00007ffc6c030000 - 0x00007ffc6c1c9000 	C:\WINDOWS\System32\gdi32full.dll
0x00007ffc6c1d0000 - 0x00007ffc6c270000 	C:\WINDOWS\System32\msvcp_win.dll
0x00007ffc66970000 - 0x00007ffc6697a000 	C:\WINDOWS\SYSTEM32\VERSION.dll
0x00007ffc6d870000 - 0x00007ffc6d89e000 	C:\WINDOWS\System32\IMM32.DLL
0x00007ffc08080000 - 0x00007ffc0811b000 	C:\Program Files\Java\jdk-13.0.2\bin\msvcp140.dll
0x00007ffc07520000 - 0x00007ffc0807d000 	C:\Program Files\Java\jdk-13.0.2\bin\server\jvm.dll
0x00007ffc6d410000 - 0x00007ffc6d418000 	C:\WINDOWS\System32\PSAPI.DLL
0x00007ffc5d580000 - 0x00007ffc5d589000 	C:\WINDOWS\SYSTEM32\WSOCK32.dll
0x00007ffc6dd40000 - 0x00007ffc6ddad000 	C:\WINDOWS\System32\WS2_32.dll
0x00007ffc682e0000 - 0x00007ffc68304000 	C:\WINDOWS\SYSTEM32\WINMM.dll
0x00007ffc682a0000 - 0x00007ffc682cd000 	C:\WINDOWS\SYSTEM32\WINMMBASE.dll
0x00007ffc6bae0000 - 0x00007ffc6bb2a000 	C:\WINDOWS\System32\cfgmgr32.dll
0x00007ffc6ba10000 - 0x00007ffc6ba21000 	C:\WINDOWS\System32\kernel.appcore.dll
0x00007ffc43b00000 - 0x00007ffc43b10000 	C:\Program Files\Java\jdk-13.0.2\bin\verify.dll
0x00007ffc5b900000 - 0x00007ffc5baed000 	C:\WINDOWS\SYSTEM32\DBGHELP.DLL
0x00007ffc5b020000 - 0x00007ffc5b04a000 	C:\WINDOWS\SYSTEM32\dbgcore.DLL
0x00007ffc074f0000 - 0x00007ffc07516000 	C:\Program Files\Java\jdk-13.0.2\bin\java.dll
0x00007ffc074d0000 - 0x00007ffc074e7000 	C:\Program Files\Java\jdk-13.0.2\bin\zip.dll
0x00007ffc39120000 - 0x00007ffc3912a000 	C:\Program Files\Java\jdk-13.0.2\bin\jimage.dll
0x00007ffc6e3b0000 - 0x00007ffc6f8a4000 	C:\WINDOWS\System32\SHELL32.dll
0x00007ffc6ddc0000 - 0x00007ffc6de68000 	C:\WINDOWS\System32\shcore.dll
0x00007ffc6c440000 - 0x00007ffc6cb8d000 	C:\WINDOWS\System32\windows.storage.dll
0x00007ffc6ba50000 - 0x00007ffc6ba74000 	C:\WINDOWS\System32\profapi.dll
0x00007ffc6ba80000 - 0x00007ffc6badd000 	C:\WINDOWS\System32\powrprof.dll
0x00007ffc6d420000 - 0x00007ffc6d472000 	C:\WINDOWS\System32\shlwapi.dll
0x00007ffc6c010000 - 0x00007ffc6c027000 	C:\WINDOWS\System32\cryptsp.dll
0x00007ffc074b0000 - 0x00007ffc074c9000 	C:\Program Files\Java\jdk-13.0.2\bin\net.dll
0x00007ffc64e10000 - 0x00007ffc64f02000 	C:\WINDOWS\SYSTEM32\WINHTTP.dll
0x00007ffc6b280000 - 0x00007ffc6b2e7000 	C:\WINDOWS\system32\mswsock.dll
0x00007ffc07490000 - 0x00007ffc074a3000 	C:\Program Files\Java\jdk-13.0.2\bin\nio.dll
0x00007ffc6ae00000 - 0x00007ffc6ae33000 	C:\WINDOWS\system32\rsaenh.dll
0x00007ffc6c310000 - 0x00007ffc6c336000 	C:\WINDOWS\System32\bcrypt.dll
0x00007ffc6b910000 - 0x00007ffc6b938000 	C:\WINDOWS\SYSTEM32\USERENV.dll
0x00007ffc6b450000 - 0x00007ffc6b45c000 	C:\WINDOWS\SYSTEM32\CRYPTBASE.dll
0x00007ffc6afa0000 - 0x00007ffc6afdd000 	C:\WINDOWS\SYSTEM32\IPHLPAPI.DLL
0x00007ffc6ddb0000 - 0x00007ffc6ddb8000 	C:\WINDOWS\System32\NSI.dll
0x00007ffc664b0000 - 0x00007ffc664c6000 	C:\WINDOWS\SYSTEM32\dhcpcsvc6.DLL
0x00007ffc66710000 - 0x00007ffc6672c000 	C:\WINDOWS\SYSTEM32\dhcpcsvc.DLL
0x00007ffc6afe0000 - 0x00007ffc6b0a6000 	C:\WINDOWS\SYSTEM32\DNSAPI.dll
0x00007ffc07250000 - 0x00007ffc07279000 	C:\Users\Jason\AppData\Roaming\Code\User\globalStorage\redhat.java\0.58.0\config_win\org.eclipse.equinox.launcher\org.eclipse.equinox.launcher.win32.win32.x86_64_1.1.1100.v20190907-0426\eclipse_1902.dll
0x00007ffc07230000 - 0x00007ffc07241000 	C:\Users\Jason\AppData\Roaming\Code\User\globalStorage\redhat.java\0.58.0\config_win\org.eclipse.osgi\20\0\.cp\jWinHttp-1.0.0.dll
0x00007ffc6d520000 - 0x00007ffc6d675000 	C:\WINDOWS\System32\ole32.dll
0x00007ffc37ae0000 - 0x00007ffc37aee000 	C:\Program Files\Java\jdk-13.0.2\bin\sunmscapi.dll
0x00007ffc6be30000 - 0x00007ffc6c00c000 	C:\WINDOWS\System32\CRYPT32.dll
0x00007ffc6ba30000 - 0x00007ffc6ba42000 	C:\WINDOWS\System32\MSASN1.dll
0x00007ffc6b550000 - 0x00007ffc6b576000 	C:\WINDOWS\SYSTEM32\ncrypt.dll
0x00007ffc6b510000 - 0x00007ffc6b54c000 	C:\WINDOWS\SYSTEM32\NTASN1.dll
0x00007ffc07140000 - 0x00007ffc07165000 	C:\Program Files\Java\jdk-13.0.2\bin\sunec.dll
0x00007ffc625c0000 - 0x00007ffc625ca000 	C:\Windows\System32\rasadhlp.dll
0x00007ffc662d0000 - 0x00007ffc66349000 	C:\WINDOWS\System32\fwpuclnt.dll

dbghelp: loaded successfully - version: 4.0.5 - missing functions: none
symbol engine: initialized successfully - sym options: 0x614 - pdb path: .;C:\Program Files\Java\jdk-13.0.2\bin;C:\WINDOWS\SYSTEM32;C:\WINDOWS\WinSxS\amd64_microsoft.windows.common-controls_6595b64144ccf1df_6.0.17763.1098_none_de762ed45346ee8a;C:\Program Files\Java\jdk-13.0.2\bin\server;C:\Users\Jason\AppData\Roaming\Code\User\globalStorage\redhat.java\0.58.0\config_win\org.eclipse.equinox.launcher\org.eclipse.equinox.launcher.win32.win32.x86_64_1.1.1100.v20190907-0426;C:\Users\Jason\AppData\Roaming\Code\User\globalStorage\redhat.java\0.58.0\config_win\org.eclipse.osgi\20\0\.cp

VM Arguments:
jvm_args: --add-modules=ALL-SYSTEM --add-opens=java.base/java.util=ALL-UNNAMED --add-opens=java.base/java.lang=ALL-UNNAMED -Declipse.application=org.eclipse.jdt.ls.core.id1 -Dosgi.bundles.defaultStartLevel=4 -Declipse.product=org.eclipse.jdt.ls.core.product -Dfile.encoding=utf8 -DwatchParentProcess=false -XX:+UseParallelGC -XX:GCTimeRatio=4 -XX:AdaptiveSizePolicyWeight=90 -Dsun.zip.disableMemoryMapping=true -Xmx1G -Xms100m 
java_command: c:\Users\Jason\.vscode\extensions\redhat.java-0.58.0\server\plugins\org.eclipse.equinox.launcher_1.5.700.v20200207-2156.jar -configuration c:\Users\Jason\AppData\Roaming\Code\User\globalStorage\redhat.java\0.58.0\config_win -data c:\Users\Jason\AppData\Roaming\Code\User\workspaceStorage\c7ef565154236840a693a41779c40828\redhat.java\jdt_ws
java_class_path (initial): c:\Users\Jason\.vscode\extensions\redhat.java-0.58.0\server\plugins\org.eclipse.equinox.launcher_1.5.700.v20200207-2156.jar
Launcher Type: SUN_STANDARD

[Global flags]
    uintx AdaptiveSizePolicyWeight                 = 90                                        {product} {command line}
     intx CICompilerCount                          = 4                                         {product} {ergonomic}
    uintx GCTimeRatio                              = 4                                         {product} {command line}
   size_t InitialHeapSize                          = 104857600                                 {product} {command line}
   size_t MaxHeapSize                              = 1073741824                                {product} {command line}
   size_t MaxNewSize                               = 357564416                                 {product} {ergonomic}
   size_t MinHeapDeltaBytes                        = 524288                                    {product} {ergonomic}
   size_t MinHeapSize                              = 104857600                                 {product} {command line}
   size_t NewSize                                  = 34603008                                  {product} {ergonomic}
    uintx NonNMethodCodeHeapSize                   = 5839372                                {pd product} {ergonomic}
    uintx NonProfiledCodeHeapSize                  = 122909434                              {pd product} {ergonomic}
   size_t OldSize                                  = 70254592                                  {product} {ergonomic}
    uintx ProfiledCodeHeapSize                     = 122909434                              {pd product} {ergonomic}
    uintx ReservedCodeCacheSize                    = 251658240                              {pd product} {ergonomic}
     bool SegmentedCodeCache                       = true                                      {product} {ergonomic}
   size_t SoftMaxHeapSize                          = 1073741824                             {manageable} {ergonomic}
     bool UseCompressedClassPointers               = true                                 {lp64_product} {ergonomic}
     bool UseCompressedOops                        = true                                 {lp64_product} {ergonomic}
     bool UseLargePagesIndividualAllocation        = false                                  {pd product} {ergonomic}
     bool UseParallelGC                            = true                                      {product} {command line}

Logging:
Log output configuration:
 #0: stdout all=warning uptime,level,tags
 #1: stderr all=off uptime,level,tags

Environment Variables:
PATH=C:\Program Files (x86)\Razer\ChromaBroadcast\bin;C:\Program Files\Razer\ChromaBroadcast\bin;C:\WINDOWS\system32;C:\WINDOWS;C:\WINDOWS\System32\Wbem;C:\WINDOWS\System32\WindowsPowerShell\v1.0\;C:\Program Files\Git\cmd;C:\WINDOWS\System32\OpenSSH\;C:\Program Files (x86)\PharosSystems\Core;C:\Program Files (x86)\NVIDIA Corporation\PhysX\Common;C:\Program Files\NVIDIA Corporation\NVIDIA NvDLISR;C:\Program Files\Java\jdk-13.0.2\bin;C:\WINDOWS\system32\config\systemprofile\AppData\Local\Microsoft\WindowsApps;C:\Users\Jason\AppData\Local\Microsoft\WindowsApps;;D:\Microsoft VS Code\bin
USERNAME=Jason
OS=Windows_NT
PROCESSOR_IDENTIFIER=AMD64 Family 21 Model 2 Stepping 0, AuthenticAMD



---------------  S Y S T E M  ---------------

OS: Windows 10 , 64 bit Build 17763 (10.0.17763.475)

CPU:total 8 (initial active 8) (8 cores per cpu, 1 threads per core) family 21 model 2 stepping 0, cmov, cx8, fxsr, mmx, sse, sse2, sse3, ssse3, sse4.1, sse4.2, popcnt, avx, aes, clmul, mmxext, 3dnowpref, lzcnt, sse4a, tsc, tscinvbit, tscinv, bmi1, fma

Memory: 4k page, system-wide physical 8156M (3374M free)
TotalPageFile size 15429M (AvailPageFile size 5854M)
current process WorkingSet (physical memory assigned to process): 455M, peak: 507M
current process commit charge ("private bytes"): 517M, peak: 569M

vm_info: Java HotSpot(TM) 64-Bit Server VM (13.0.2+8) for windows-amd64 JRE (13.0.2+8), built on Dec 11 2019 09:20:33 by "mach5one" with unknown MS VC++:1916

END.
